error: 05-10-2022 15:51:39: 	uncaughtException: FATAL ERROR: jwtPrivateKey is not defined.
Error: FATAL ERROR: jwtPrivateKey is not defined.
    at module.exports (/Users/ozanguner/Web Projects/vidly-back-end/startup/config.js:5:11)
    at Object.<anonymous> (/Users/ozanguner/Web Projects/vidly-back-end/server.js:8:28)
    at Module._compile (internal/modules/cjs/loader.js:1072:14)
    at Object.Module._extensions..js (internal/modules/cjs/loader.js:1101:10)
    at Module.load (internal/modules/cjs/loader.js:937:32)
    at Function.Module._load (internal/modules/cjs/loader.js:778:12)
    at Function.executeUserEntryPoint [as runMain] (internal/modules/run_main.js:76:12)
    at internal/main/run_main_module.js:17:47
error: 05-10-2022 15:52:03: 	uncaughtException: FATAL ERROR: jwtPrivateKey is not defined.
Error: FATAL ERROR: jwtPrivateKey is not defined.
    at module.exports (/Users/ozanguner/Web Projects/vidly-back-end/startup/config.js:5:11)
    at Object.<anonymous> (/Users/ozanguner/Web Projects/vidly-back-end/server.js:8:28)
    at Module._compile (internal/modules/cjs/loader.js:1072:14)
    at Object.Module._extensions..js (internal/modules/cjs/loader.js:1101:10)
    at Module.load (internal/modules/cjs/loader.js:937:32)
    at Function.Module._load (internal/modules/cjs/loader.js:778:12)
    at Function.executeUserEntryPoint [as runMain] (internal/modules/run_main.js:76:12)
    at internal/main/run_main_module.js:17:47
error: 05-10-2022 15:59:49: 	uncaughtException: FATAL ERROR: jwtPrivateKey is not defined.
Error: FATAL ERROR: jwtPrivateKey is not defined.
    at module.exports (/Users/ozanguner/Web Projects/vidly-back-end/startup/config.js:5:11)
    at Object.<anonymous> (/Users/ozanguner/Web Projects/vidly-back-end/server.js:8:28)
    at Module._compile (internal/modules/cjs/loader.js:1072:14)
    at Object.Module._extensions..js (internal/modules/cjs/loader.js:1101:10)
    at Module.load (internal/modules/cjs/loader.js:937:32)
    at Function.Module._load (internal/modules/cjs/loader.js:778:12)
    at Function.executeUserEntryPoint [as runMain] (internal/modules/run_main.js:76:12)
    at internal/main/run_main_module.js:17:47
error: 05-10-2022 16:01:01: 	uncaughtException: FATAL ERROR: jwtPrivateKey is not defined.
Error: FATAL ERROR: jwtPrivateKey is not defined.
    at module.exports (/Users/ozanguner/Web Projects/vidly-back-end/startup/config.js:5:11)
    at Object.<anonymous> (/Users/ozanguner/Web Projects/vidly-back-end/server.js:8:28)
    at Module._compile (internal/modules/cjs/loader.js:1072:14)
    at Object.Module._extensions..js (internal/modules/cjs/loader.js:1101:10)
    at Module.load (internal/modules/cjs/loader.js:937:32)
    at Function.Module._load (internal/modules/cjs/loader.js:778:12)
    at Function.executeUserEntryPoint [as runMain] (internal/modules/run_main.js:76:12)
    at internal/main/run_main_module.js:17:47
error: 05-10-2022 16:02:43: 	uncaughtException: FATAL ERROR: jwtPrivateKey is not defined.
Error: FATAL ERROR: jwtPrivateKey is not defined.
    at module.exports (/Users/ozanguner/Web Projects/vidly-back-end/startup/config.js:5:11)
    at Object.<anonymous> (/Users/ozanguner/Web Projects/vidly-back-end/server.js:8:28)
    at Module._compile (internal/modules/cjs/loader.js:1072:14)
    at Object.Module._extensions..js (internal/modules/cjs/loader.js:1101:10)
    at Module.load (internal/modules/cjs/loader.js:937:32)
    at Function.Module._load (internal/modules/cjs/loader.js:778:12)
    at Function.executeUserEntryPoint [as runMain] (internal/modules/run_main.js:76:12)
    at internal/main/run_main_module.js:17:47
error: 05-10-2022 16:06:55: 	uncaughtException: FATAL ERROR: jwtPrivateKey is not defined.
Error: FATAL ERROR: jwtPrivateKey is not defined.
    at module.exports (/Users/ozanguner/Web Projects/vidly-back-end/startup/config.js:5:11)
    at Object.<anonymous> (/Users/ozanguner/Web Projects/vidly-back-end/server.js:8:28)
    at Module._compile (internal/modules/cjs/loader.js:1072:14)
    at Object.Module._extensions..js (internal/modules/cjs/loader.js:1101:10)
    at Module.load (internal/modules/cjs/loader.js:937:32)
    at Function.Module._load (internal/modules/cjs/loader.js:778:12)
    at Function.executeUserEntryPoint [as runMain] (internal/modules/run_main.js:76:12)
    at internal/main/run_main_module.js:17:47
error: 05-10-2022 16:07:24: 	uncaughtException: FATAL ERROR: jwtPrivateKey is not defined.
Error: FATAL ERROR: jwtPrivateKey is not defined.
    at module.exports (/Users/ozanguner/Web Projects/vidly-back-end/startup/config.js:5:11)
    at Object.<anonymous> (/Users/ozanguner/Web Projects/vidly-back-end/server.js:8:28)
    at Module._compile (internal/modules/cjs/loader.js:1072:14)
    at Object.Module._extensions..js (internal/modules/cjs/loader.js:1101:10)
    at Module.load (internal/modules/cjs/loader.js:937:32)
    at Function.Module._load (internal/modules/cjs/loader.js:778:12)
    at Function.executeUserEntryPoint [as runMain] (internal/modules/run_main.js:76:12)
    at internal/main/run_main_module.js:17:47
error: 05-10-2022 16:19:41: 	uncaughtException: Cannot find module 'config'
Require stack:
- /Users/ozanguner/Web Projects/vidly-back-end/server.js
Error: Cannot find module 'config'
Require stack:
- /Users/ozanguner/Web Projects/vidly-back-end/server.js
    at Function.Module._resolveFilename (internal/modules/cjs/loader.js:889:15)
    at Function.Module._load (internal/modules/cjs/loader.js:745:27)
    at Module.require (internal/modules/cjs/loader.js:961:19)
    at require (internal/modules/cjs/helpers.js:92:18)
    at Object.<anonymous> (/Users/ozanguner/Web Projects/vidly-back-end/server.js:4:16)
    at Module._compile (internal/modules/cjs/loader.js:1072:14)
    at Object.Module._extensions..js (internal/modules/cjs/loader.js:1101:10)
    at Module.load (internal/modules/cjs/loader.js:937:32)
    at Function.Module._load (internal/modules/cjs/loader.js:778:12)
    at Function.executeUserEntryPoint [as runMain] (internal/modules/run_main.js:76:12)
error: 05-10-2022 16:20:16: 	uncaughtException: Cannot find module 'config'
Require stack:
- /Users/ozanguner/Web Projects/vidly-back-end/middleware/auth.js
- /Users/ozanguner/Web Projects/vidly-back-end/routes/genres.js
- /Users/ozanguner/Web Projects/vidly-back-end/startup/routes.js
- /Users/ozanguner/Web Projects/vidly-back-end/server.js
Error: Cannot find module 'config'
Require stack:
- /Users/ozanguner/Web Projects/vidly-back-end/middleware/auth.js
- /Users/ozanguner/Web Projects/vidly-back-end/routes/genres.js
- /Users/ozanguner/Web Projects/vidly-back-end/startup/routes.js
- /Users/ozanguner/Web Projects/vidly-back-end/server.js
    at Function.Module._resolveFilename (internal/modules/cjs/loader.js:889:15)
    at Function.Module._load (internal/modules/cjs/loader.js:745:27)
    at Module.require (internal/modules/cjs/loader.js:961:19)
    at require (internal/modules/cjs/helpers.js:92:18)
    at Object.<anonymous> (/Users/ozanguner/Web Projects/vidly-back-end/middleware/auth.js:2:16)
    at Module._compile (internal/modules/cjs/loader.js:1072:14)
    at Object.Module._extensions..js (internal/modules/cjs/loader.js:1101:10)
    at Module.load (internal/modules/cjs/loader.js:937:32)
    at Function.Module._load (internal/modules/cjs/loader.js:778:12)
    at Module.require (internal/modules/cjs/loader.js:961:19)
error: 05-10-2022 16:20:29: 	uncaughtException: Cannot find module 'config'
Require stack:
- /Users/ozanguner/Web Projects/vidly-back-end/middleware/auth.js
- /Users/ozanguner/Web Projects/vidly-back-end/routes/genres.js
- /Users/ozanguner/Web Projects/vidly-back-end/startup/routes.js
- /Users/ozanguner/Web Projects/vidly-back-end/server.js
Error: Cannot find module 'config'
Require stack:
- /Users/ozanguner/Web Projects/vidly-back-end/middleware/auth.js
- /Users/ozanguner/Web Projects/vidly-back-end/routes/genres.js
- /Users/ozanguner/Web Projects/vidly-back-end/startup/routes.js
- /Users/ozanguner/Web Projects/vidly-back-end/server.js
    at Function.Module._resolveFilename (internal/modules/cjs/loader.js:889:15)
    at Function.Module._load (internal/modules/cjs/loader.js:745:27)
    at Module.require (internal/modules/cjs/loader.js:961:19)
    at require (internal/modules/cjs/helpers.js:92:18)
    at Object.<anonymous> (/Users/ozanguner/Web Projects/vidly-back-end/middleware/auth.js:2:16)
    at Module._compile (internal/modules/cjs/loader.js:1072:14)
    at Object.Module._extensions..js (internal/modules/cjs/loader.js:1101:10)
    at Module.load (internal/modules/cjs/loader.js:937:32)
    at Function.Module._load (internal/modules/cjs/loader.js:778:12)
    at Module.require (internal/modules/cjs/loader.js:961:19)
error: 05-10-2022 16:21:46: 	uncaughtException: Cannot find module 'config'
Require stack:
- /Users/ozanguner/Web Projects/vidly-back-end/middleware/auth.js
- /Users/ozanguner/Web Projects/vidly-back-end/routes/genres.js
- /Users/ozanguner/Web Projects/vidly-back-end/startup/routes.js
- /Users/ozanguner/Web Projects/vidly-back-end/server.js
Error: Cannot find module 'config'
Require stack:
- /Users/ozanguner/Web Projects/vidly-back-end/middleware/auth.js
- /Users/ozanguner/Web Projects/vidly-back-end/routes/genres.js
- /Users/ozanguner/Web Projects/vidly-back-end/startup/routes.js
- /Users/ozanguner/Web Projects/vidly-back-end/server.js
    at Function.Module._resolveFilename (internal/modules/cjs/loader.js:889:15)
    at Function.Module._load (internal/modules/cjs/loader.js:745:27)
    at Module.require (internal/modules/cjs/loader.js:961:19)
    at require (internal/modules/cjs/helpers.js:92:18)
    at Object.<anonymous> (/Users/ozanguner/Web Projects/vidly-back-end/middleware/auth.js:2:16)
    at Module._compile (internal/modules/cjs/loader.js:1072:14)
    at Object.Module._extensions..js (internal/modules/cjs/loader.js:1101:10)
    at Module.load (internal/modules/cjs/loader.js:937:32)
    at Function.Module._load (internal/modules/cjs/loader.js:778:12)
    at Module.require (internal/modules/cjs/loader.js:961:19)
error: 05-10-2022 16:21:49: 	uncaughtException: Cannot find module 'config'
Require stack:
- /Users/ozanguner/Web Projects/vidly-back-end/models/user.js
- /Users/ozanguner/Web Projects/vidly-back-end/controllers/userControllers.js
- /Users/ozanguner/Web Projects/vidly-back-end/routes/users.js
- /Users/ozanguner/Web Projects/vidly-back-end/startup/routes.js
- /Users/ozanguner/Web Projects/vidly-back-end/server.js
Error: Cannot find module 'config'
Require stack:
- /Users/ozanguner/Web Projects/vidly-back-end/models/user.js
- /Users/ozanguner/Web Projects/vidly-back-end/controllers/userControllers.js
- /Users/ozanguner/Web Projects/vidly-back-end/routes/users.js
- /Users/ozanguner/Web Projects/vidly-back-end/startup/routes.js
- /Users/ozanguner/Web Projects/vidly-back-end/server.js
    at Function.Module._resolveFilename (internal/modules/cjs/loader.js:889:15)
    at Function.Module._load (internal/modules/cjs/loader.js:745:27)
    at Module.require (internal/modules/cjs/loader.js:961:19)
    at require (internal/modules/cjs/helpers.js:92:18)
    at Object.<anonymous> (/Users/ozanguner/Web Projects/vidly-back-end/models/user.js:3:16)
    at Module._compile (internal/modules/cjs/loader.js:1072:14)
    at Object.Module._extensions..js (internal/modules/cjs/loader.js:1101:10)
    at Module.load (internal/modules/cjs/loader.js:937:32)
    at Function.Module._load (internal/modules/cjs/loader.js:778:12)
    at Module.require (internal/modules/cjs/loader.js:961:19)
error: 05-10-2022 16:22:08: 	uncaughtException: Cannot find module 'config'
Require stack:
- /Users/ozanguner/Web Projects/vidly-back-end/models/user.js
- /Users/ozanguner/Web Projects/vidly-back-end/controllers/userControllers.js
- /Users/ozanguner/Web Projects/vidly-back-end/routes/users.js
- /Users/ozanguner/Web Projects/vidly-back-end/startup/routes.js
- /Users/ozanguner/Web Projects/vidly-back-end/server.js
Error: Cannot find module 'config'
Require stack:
- /Users/ozanguner/Web Projects/vidly-back-end/models/user.js
- /Users/ozanguner/Web Projects/vidly-back-end/controllers/userControllers.js
- /Users/ozanguner/Web Projects/vidly-back-end/routes/users.js
- /Users/ozanguner/Web Projects/vidly-back-end/startup/routes.js
- /Users/ozanguner/Web Projects/vidly-back-end/server.js
    at Function.Module._resolveFilename (internal/modules/cjs/loader.js:889:15)
    at Function.Module._load (internal/modules/cjs/loader.js:745:27)
    at Module.require (internal/modules/cjs/loader.js:961:19)
    at require (internal/modules/cjs/helpers.js:92:18)
    at Object.<anonymous> (/Users/ozanguner/Web Projects/vidly-back-end/models/user.js:3:16)
    at Module._compile (internal/modules/cjs/loader.js:1072:14)
    at Object.Module._extensions..js (internal/modules/cjs/loader.js:1101:10)
    at Module.load (internal/modules/cjs/loader.js:937:32)
    at Function.Module._load (internal/modules/cjs/loader.js:778:12)
    at Module.require (internal/modules/cjs/loader.js:961:19)
error: 05-10-2022 16:22:32: 	uncaughtException: Cannot find module 'config'
Require stack:
- /Users/ozanguner/Web Projects/vidly-back-end/models/user.js
- /Users/ozanguner/Web Projects/vidly-back-end/controllers/userControllers.js
- /Users/ozanguner/Web Projects/vidly-back-end/routes/users.js
- /Users/ozanguner/Web Projects/vidly-back-end/startup/routes.js
- /Users/ozanguner/Web Projects/vidly-back-end/server.js
Error: Cannot find module 'config'
Require stack:
- /Users/ozanguner/Web Projects/vidly-back-end/models/user.js
- /Users/ozanguner/Web Projects/vidly-back-end/controllers/userControllers.js
- /Users/ozanguner/Web Projects/vidly-back-end/routes/users.js
- /Users/ozanguner/Web Projects/vidly-back-end/startup/routes.js
- /Users/ozanguner/Web Projects/vidly-back-end/server.js
    at Function.Module._resolveFilename (internal/modules/cjs/loader.js:889:15)
    at Function.Module._load (internal/modules/cjs/loader.js:745:27)
    at Module.require (internal/modules/cjs/loader.js:961:19)
    at require (internal/modules/cjs/helpers.js:92:18)
    at Object.<anonymous> (/Users/ozanguner/Web Projects/vidly-back-end/models/user.js:3:16)
    at Module._compile (internal/modules/cjs/loader.js:1072:14)
    at Object.Module._extensions..js (internal/modules/cjs/loader.js:1101:10)
    at Module.load (internal/modules/cjs/loader.js:937:32)
    at Function.Module._load (internal/modules/cjs/loader.js:778:12)
    at Module.require (internal/modules/cjs/loader.js:961:19)
error: 05-10-2022 16:22:48: 	uncaughtException: Cannot find module 'config'
Require stack:
- /Users/ozanguner/Web Projects/vidly-back-end/models/user.js
- /Users/ozanguner/Web Projects/vidly-back-end/controllers/userControllers.js
- /Users/ozanguner/Web Projects/vidly-back-end/routes/users.js
- /Users/ozanguner/Web Projects/vidly-back-end/startup/routes.js
- /Users/ozanguner/Web Projects/vidly-back-end/server.js
Error: Cannot find module 'config'
Require stack:
- /Users/ozanguner/Web Projects/vidly-back-end/models/user.js
- /Users/ozanguner/Web Projects/vidly-back-end/controllers/userControllers.js
- /Users/ozanguner/Web Projects/vidly-back-end/routes/users.js
- /Users/ozanguner/Web Projects/vidly-back-end/startup/routes.js
- /Users/ozanguner/Web Projects/vidly-back-end/server.js
    at Function.Module._resolveFilename (internal/modules/cjs/loader.js:889:15)
    at Function.Module._load (internal/modules/cjs/loader.js:745:27)
    at Module.require (internal/modules/cjs/loader.js:961:19)
    at require (internal/modules/cjs/helpers.js:92:18)
    at Object.<anonymous> (/Users/ozanguner/Web Projects/vidly-back-end/models/user.js:3:16)
    at Module._compile (internal/modules/cjs/loader.js:1072:14)
    at Object.Module._extensions..js (internal/modules/cjs/loader.js:1101:10)
    at Module.load (internal/modules/cjs/loader.js:937:32)
    at Function.Module._load (internal/modules/cjs/loader.js:778:12)
    at Module.require (internal/modules/cjs/loader.js:961:19)
error: 05-10-2022 16:22:50: 	uncaughtException: Cannot find module 'config'
Require stack:
- /Users/ozanguner/Web Projects/vidly-back-end/startup/config.js
- /Users/ozanguner/Web Projects/vidly-back-end/server.js
Error: Cannot find module 'config'
Require stack:
- /Users/ozanguner/Web Projects/vidly-back-end/startup/config.js
- /Users/ozanguner/Web Projects/vidly-back-end/server.js
    at Function.Module._resolveFilename (internal/modules/cjs/loader.js:889:15)
    at Function.Module._load (internal/modules/cjs/loader.js:745:27)
    at Module.require (internal/modules/cjs/loader.js:961:19)
    at require (internal/modules/cjs/helpers.js:92:18)
    at Object.<anonymous> (/Users/ozanguner/Web Projects/vidly-back-end/startup/config.js:1:16)
    at Module._compile (internal/modules/cjs/loader.js:1072:14)
    at Object.Module._extensions..js (internal/modules/cjs/loader.js:1101:10)
    at Module.load (internal/modules/cjs/loader.js:937:32)
    at Function.Module._load (internal/modules/cjs/loader.js:778:12)
    at Module.require (internal/modules/cjs/loader.js:961:19)
error: 05-10-2022 16:23:29: 	uncaughtException: Cannot find module 'config'
Require stack:
- /Users/ozanguner/Web Projects/vidly-back-end/startup/config.js
- /Users/ozanguner/Web Projects/vidly-back-end/server.js
Error: Cannot find module 'config'
Require stack:
- /Users/ozanguner/Web Projects/vidly-back-end/startup/config.js
- /Users/ozanguner/Web Projects/vidly-back-end/server.js
    at Function.Module._resolveFilename (internal/modules/cjs/loader.js:889:15)
    at Function.Module._load (internal/modules/cjs/loader.js:745:27)
    at Module.require (internal/modules/cjs/loader.js:961:19)
    at require (internal/modules/cjs/helpers.js:92:18)
    at Object.<anonymous> (/Users/ozanguner/Web Projects/vidly-back-end/startup/config.js:1:16)
    at Module._compile (internal/modules/cjs/loader.js:1072:14)
    at Object.Module._extensions..js (internal/modules/cjs/loader.js:1101:10)
    at Module.load (internal/modules/cjs/loader.js:937:32)
    at Function.Module._load (internal/modules/cjs/loader.js:778:12)
    at Module.require (internal/modules/cjs/loader.js:961:19)
error: 05-10-2022 16:24:03: 	uncaughtException: FATAL ERROR: jwtPrivateKey is not defined.
Error: FATAL ERROR: jwtPrivateKey is not defined.
    at module.exports (/Users/ozanguner/Web Projects/vidly-back-end/startup/config.js:3:11)
    at Object.<anonymous> (/Users/ozanguner/Web Projects/vidly-back-end/server.js:7:28)
    at Module._compile (internal/modules/cjs/loader.js:1072:14)
    at Object.Module._extensions..js (internal/modules/cjs/loader.js:1101:10)
    at Module.load (internal/modules/cjs/loader.js:937:32)
    at Function.Module._load (internal/modules/cjs/loader.js:778:12)
    at Function.executeUserEntryPoint [as runMain] (internal/modules/run_main.js:76:12)
    at internal/main/run_main_module.js:17:47
error: 05-10-2022 16:30:38: 	uncaughtException: FATAL ERROR: jwtPrivateKey is not defined.
Error: FATAL ERROR: jwtPrivateKey is not defined.
    at module.exports (/Users/ozanguner/Web Projects/vidly-back-end/startup/config.js:3:11)
    at Object.<anonymous> (/Users/ozanguner/Web Projects/vidly-back-end/server.js:6:28)
    at Module._compile (internal/modules/cjs/loader.js:1072:14)
    at Object.Module._extensions..js (internal/modules/cjs/loader.js:1101:10)
    at Module.load (internal/modules/cjs/loader.js:937:32)
    at Function.Module._load (internal/modules/cjs/loader.js:778:12)
    at Function.executeUserEntryPoint [as runMain] (internal/modules/run_main.js:76:12)
    at internal/main/run_main_module.js:17:47
error: 05-10-2022 16:30:55: 	uncaughtException: FATAL ERROR: jwtPrivateKey is not defined.
Error: FATAL ERROR: jwtPrivateKey is not defined.
    at module.exports (/Users/ozanguner/Web Projects/vidly-back-end/startup/config.js:3:11)
    at Object.<anonymous> (/Users/ozanguner/Web Projects/vidly-back-end/server.js:7:28)
    at Module._compile (internal/modules/cjs/loader.js:1072:14)
    at Object.Module._extensions..js (internal/modules/cjs/loader.js:1101:10)
    at Module.load (internal/modules/cjs/loader.js:937:32)
    at Function.Module._load (internal/modules/cjs/loader.js:778:12)
    at Function.executeUserEntryPoint [as runMain] (internal/modules/run_main.js:76:12)
    at internal/main/run_main_module.js:17:47
error: 05-10-2022 16:37:35: 	uncaughtException: FATAL ERROR: jwtPrivateKey is not defined.
Error: FATAL ERROR: jwtPrivateKey is not defined.
    at module.exports (/Users/ozanguner/Web Projects/vidly-back-end/startup/config.js:3:11)
    at Object.<anonymous> (/Users/ozanguner/Web Projects/vidly-back-end/server.js:7:28)
    at Module._compile (internal/modules/cjs/loader.js:1072:14)
    at Object.Module._extensions..js (internal/modules/cjs/loader.js:1101:10)
    at Module.load (internal/modules/cjs/loader.js:937:32)
    at Function.Module._load (internal/modules/cjs/loader.js:778:12)
    at Function.executeUserEntryPoint [as runMain] (internal/modules/run_main.js:76:12)
    at internal/main/run_main_module.js:17:47
error: 05-10-2022 16:38:13: 	uncaughtException: FATAL ERROR: jwtPrivateKey is not defined.
Error: FATAL ERROR: jwtPrivateKey is not defined.
    at module.exports (/Users/ozanguner/Web Projects/vidly-back-end/startup/config.js:3:11)
    at Object.<anonymous> (/Users/ozanguner/Web Projects/vidly-back-end/server.js:7:28)
    at Module._compile (internal/modules/cjs/loader.js:1072:14)
    at Object.Module._extensions..js (internal/modules/cjs/loader.js:1101:10)
    at Module.load (internal/modules/cjs/loader.js:937:32)
    at Function.Module._load (internal/modules/cjs/loader.js:778:12)
    at Function.executeUserEntryPoint [as runMain] (internal/modules/run_main.js:76:12)
    at internal/main/run_main_module.js:17:47
error: 05-10-2022 17:17:21: 	uncaughtException: Cannot read property 'toUpperCase' of undefined
TypeError: Cannot read property 'toUpperCase' of undefined
    at module.exports (/Users/ozanguner/Web Projects/vidly-back-end/startup/db.js:5:36)
    at Object.<anonymous> (/Users/ozanguner/Web Projects/vidly-back-end/server.js:8:24)
    at Module._compile (internal/modules/cjs/loader.js:1072:14)
    at Object.Module._extensions..js (internal/modules/cjs/loader.js:1101:10)
    at Module.load (internal/modules/cjs/loader.js:937:32)
    at Function.Module._load (internal/modules/cjs/loader.js:778:12)
    at Function.executeUserEntryPoint [as runMain] (internal/modules/run_main.js:76:12)
    at internal/main/run_main_module.js:17:47
error: 05-10-2022 21:57:37: 	Cast to ObjectId failed for value "1" (type string) at path "_id" for model "Genre" Cast to ObjectId failed for value "1" (type string) at path "_id" for model "Genre"
error: 05-10-2022 22:06:18: 	Cast to ObjectId failed for value "1" (type string) at path "_id" for model "Genre" Cast to ObjectId failed for value "1" (type string) at path "_id" for model "Genre"
error: 05-10-2022 22:06:35: 	Cast to ObjectId failed for value "1" (type string) at path "_id" for model "Genre" Cast to ObjectId failed for value "1" (type string) at path "_id" for model "Genre"
error: 05-24-2022 22:05:16: 	Cast to ObjectId failed for value "1" (type string) at path "_id" for model "Genre" Cast to ObjectId failed for value "1" (type string) at path "_id" for model "Genre"
error: 07-11-2022 19:30:53: 	Operation `genres.findOne()` buffering timed out after 10000ms Operation `genres.findOne()` buffering timed out after 10000ms
error: 07-12-2022 19:10:22: 	Cast to ObjectId failed for value "1" (type string) at path "_id" for model "Genre" Cast to ObjectId failed for value "1" (type string) at path "_id" for model "Genre"
error: 07-12-2022 19:12:02: 	Cast to ObjectId failed for value "6266d0ca78fb7edbb2f6b5r5" (type string) at path "_id" for model "Genre" Cast to ObjectId failed for value "6266d0ca78fb7edbb2f6b5r5" (type string) at path "_id" for model "Genre"
error: 07-24-2022 14:01:26: 	Cast to ObjectId failed for value "1" (type string) at path "_id" for model "Genre" Cast to ObjectId failed for value "1" (type string) at path "_id" for model "Genre"
error: 07-24-2022 15:27:43: 	Cannot set headers after they are sent to the client Cannot set headers after they are sent to the client
error: 07-24-2022 15:35:16: 	Cannot set headers after they are sent to the client Cannot set headers after they are sent to the client
error: 07-24-2022 17:37:24: 	Cannot set headers after they are sent to the client Cannot set headers after they are sent to the client
error: 07-24-2022 17:37:24: 	Cannot set headers after they are sent to the client Cannot set headers after they are sent to the client
error: 07-25-2022 12:49:24: 	Joi.objectId is not a function Joi.objectId is not a function
error: 07-25-2022 12:49:24: 	Joi.objectId is not a function Joi.objectId is not a function
error: 07-25-2022 12:49:24: 	Joi.objectId is not a function Joi.objectId is not a function
error: 07-25-2022 12:49:24: 	Joi.objectId is not a function Joi.objectId is not a function
error: 07-25-2022 12:49:24: 	Joi.objectId is not a function Joi.objectId is not a function
error: 07-25-2022 12:49:25: 	Joi.objectId is not a function Joi.objectId is not a function
error: 07-25-2022 12:49:25: 	Joi.objectId is not a function Joi.objectId is not a function
error: 07-25-2022 12:49:25: 	Joi.objectId is not a function Joi.objectId is not a function
error: 07-25-2022 12:49:25: 	Joi.objectId is not a function Joi.objectId is not a function
error: 07-25-2022 12:51:08: 	Joi.ObjectId is not a function Joi.ObjectId is not a function
error: 07-25-2022 12:51:08: 	Joi.ObjectId is not a function Joi.ObjectId is not a function
error: 07-25-2022 12:51:08: 	Joi.ObjectId is not a function Joi.ObjectId is not a function
error: 07-25-2022 12:51:08: 	Joi.ObjectId is not a function Joi.ObjectId is not a function
error: 07-25-2022 12:51:08: 	Joi.ObjectId is not a function Joi.ObjectId is not a function
error: 07-25-2022 12:51:08: 	Joi.ObjectId is not a function Joi.ObjectId is not a function
error: 07-25-2022 12:51:09: 	Joi.ObjectId is not a function Joi.ObjectId is not a function
error: 07-25-2022 12:51:09: 	Joi.ObjectId is not a function Joi.ObjectId is not a function
error: 07-25-2022 12:51:09: 	Joi.ObjectId is not a function Joi.ObjectId is not a function
error: 07-25-2022 12:53:13: 	Joi.objectId is not a function Joi.objectId is not a function
error: 07-25-2022 12:53:13: 	Joi.objectId is not a function Joi.objectId is not a function
error: 07-25-2022 12:53:13: 	Joi.objectId is not a function Joi.objectId is not a function
error: 07-25-2022 12:53:13: 	Joi.objectId is not a function Joi.objectId is not a function
error: 07-25-2022 12:53:13: 	Joi.objectId is not a function Joi.objectId is not a function
error: 07-25-2022 12:53:13: 	Joi.objectId is not a function Joi.objectId is not a function
error: 07-25-2022 12:53:13: 	Joi.objectId is not a function Joi.objectId is not a function
error: 07-25-2022 12:53:13: 	Joi.objectId is not a function Joi.objectId is not a function
error: 07-25-2022 12:53:13: 	Joi.objectId is not a function Joi.objectId is not a function
error: 07-26-2022 12:19:48: 	Joi.objectId is not a function Joi.objectId is not a function
error: 07-26-2022 12:19:48: 	Joi.objectId is not a function Joi.objectId is not a function
error: 07-26-2022 12:19:48: 	Joi.objectId is not a function Joi.objectId is not a function
error: 07-26-2022 12:19:48: 	Joi.objectId is not a function Joi.objectId is not a function
error: 07-26-2022 12:19:49: 	Joi.objectId is not a function Joi.objectId is not a function
error: 07-26-2022 12:19:49: 	Joi.objectId is not a function Joi.objectId is not a function
error: 07-26-2022 12:19:49: 	Joi.objectId is not a function Joi.objectId is not a function
error: 07-26-2022 12:19:49: 	Joi.objectId is not a function Joi.objectId is not a function
error: 07-26-2022 12:19:49: 	Joi.objectId is not a function Joi.objectId is not a function
error: 07-26-2022 12:21:44: 	Joi.objectId is not a function Joi.objectId is not a function
error: 07-26-2022 12:21:44: 	Joi.objectId is not a function Joi.objectId is not a function
error: 07-26-2022 12:21:44: 	Joi.objectId is not a function Joi.objectId is not a function
error: 07-26-2022 12:21:45: 	Joi.objectId is not a function Joi.objectId is not a function
error: 07-26-2022 12:21:45: 	Joi.objectId is not a function Joi.objectId is not a function
error: 07-26-2022 12:21:45: 	Joi.objectId is not a function Joi.objectId is not a function
error: 07-26-2022 12:21:45: 	Joi.objectId is not a function Joi.objectId is not a function
error: 07-26-2022 12:21:45: 	Joi.objectId is not a function Joi.objectId is not a function
error: 07-26-2022 12:21:45: 	Joi.objectId is not a function Joi.objectId is not a function
error: 07-26-2022 12:32:48: 	Joi.objectId is not a function Joi.objectId is not a function
error: 07-26-2022 12:32:48: 	Joi.objectId is not a function Joi.objectId is not a function
error: 07-26-2022 12:32:48: 	Joi.objectId is not a function Joi.objectId is not a function
error: 07-26-2022 12:32:48: 	Joi.objectId is not a function Joi.objectId is not a function
error: 07-26-2022 12:32:48: 	Joi.objectId is not a function Joi.objectId is not a function
error: 07-26-2022 12:32:48: 	Joi.objectId is not a function Joi.objectId is not a function
error: 07-26-2022 12:32:48: 	Joi.objectId is not a function Joi.objectId is not a function
error: 07-26-2022 12:32:48: 	Joi.objectId is not a function Joi.objectId is not a function
error: 07-26-2022 12:32:48: 	Joi.objectId is not a function Joi.objectId is not a function
error: 07-27-2022 12:53:22: 	unhandledRejection: The `uri` parameter to `openUri()` must be a string, got "undefined". Make sure the first parameter to `mongoose.connect()` or `mongoose.createConnection()` is a string.
MongooseError: The `uri` parameter to `openUri()` must be a string, got "undefined". Make sure the first parameter to `mongoose.connect()` or `mongoose.createConnection()` is a string.
    at NativeConnection.Connection.openUri (/Users/ozanguner/Web Projects/vidly-back-end/node_modules/mongoose/lib/connection.js:689:11)
    at /Users/ozanguner/Web Projects/vidly-back-end/node_modules/mongoose/lib/index.js:342:10
    at /Users/ozanguner/Web Projects/vidly-back-end/node_modules/mongoose/lib/helpers/promiseOrCallback.js:32:5
    at new Promise (<anonymous>)
    at promiseOrCallback (/Users/ozanguner/Web Projects/vidly-back-end/node_modules/mongoose/lib/helpers/promiseOrCallback.js:31:10)
    at Mongoose._promiseOrCallback (/Users/ozanguner/Web Projects/vidly-back-end/node_modules/mongoose/lib/index.js:1181:10)
    at Mongoose.connect (/Users/ozanguner/Web Projects/vidly-back-end/node_modules/mongoose/lib/index.js:341:20)
    at module.exports (/Users/ozanguner/Web Projects/vidly-back-end/startup/db.js:8:12)
    at Object.<anonymous> (/Users/ozanguner/Web Projects/vidly-back-end/server.js:8:24)
    at Module._compile (internal/modules/cjs/loader.js:1072:14)
error: 07-27-2022 12:54:01: 	uncaughtException: Cannot read property 'toUpperCase' of undefined
TypeError: Cannot read property 'toUpperCase' of undefined
    at module.exports (/Users/ozanguner/Web Projects/vidly-back-end/startup/db.js:5:36)
    at Object.<anonymous> (/Users/ozanguner/Web Projects/vidly-back-end/server.js:8:24)
    at Module._compile (internal/modules/cjs/loader.js:1072:14)
    at Object.Module._extensions..js (internal/modules/cjs/loader.js:1101:10)
    at Module.load (internal/modules/cjs/loader.js:937:32)
    at Function.Module._load (internal/modules/cjs/loader.js:778:12)
    at Function.executeUserEntryPoint [as runMain] (internal/modules/run_main.js:76:12)
    at internal/main/run_main_module.js:17:47
error: 08-07-2022 17:11:20: 	uncaughtException: Cannot read property 'toUpperCase' of undefined
TypeError: Cannot read property 'toUpperCase' of undefined
    at module.exports (/Users/ozanguner/Web Projects/vidly-back-end/startup/db.js:5:36)
    at Object.<anonymous> (/Users/ozanguner/Web Projects/vidly-back-end/server.js:8:24)
    at Module._compile (internal/modules/cjs/loader.js:1072:14)
    at Object.Module._extensions..js (internal/modules/cjs/loader.js:1101:10)
    at Module.load (internal/modules/cjs/loader.js:937:32)
    at Function.Module._load (internal/modules/cjs/loader.js:778:12)
    at Function.executeUserEntryPoint [as runMain] (internal/modules/run_main.js:76:12)
    at internal/main/run_main_module.js:17:47
error: 08-10-2022 18:02:59: 	uncaughtException: FATAL ERROR: jwtPrivateKey is not defined.
Error: FATAL ERROR: jwtPrivateKey is not defined.
    at module.exports (/Users/ozanguner/Web Projects/vidly-back-end/startup/config.js:3:11)
    at Object.<anonymous> (/Users/ozanguner/Web Projects/vidly-back-end/server.js:7:28)
    at Module._compile (internal/modules/cjs/loader.js:1072:14)
    at Object.Module._extensions..js (internal/modules/cjs/loader.js:1101:10)
    at Module.load (internal/modules/cjs/loader.js:937:32)
    at Function.Module._load (internal/modules/cjs/loader.js:778:12)
    at Function.executeUserEntryPoint [as runMain] (internal/modules/run_main.js:76:12)
    at internal/main/run_main_module.js:17:47
error: 08-10-2022 18:04:39: 	uncaughtException: Cannot read property 'toUpperCase' of undefined
TypeError: Cannot read property 'toUpperCase' of undefined
    at module.exports (/Users/ozanguner/Web Projects/vidly-back-end/startup/db.js:5:36)
    at Object.<anonymous> (/Users/ozanguner/Web Projects/vidly-back-end/server.js:8:24)
    at Module._compile (internal/modules/cjs/loader.js:1072:14)
    at Object.Module._extensions..js (internal/modules/cjs/loader.js:1101:10)
    at Module.load (internal/modules/cjs/loader.js:937:32)
    at Function.Module._load (internal/modules/cjs/loader.js:778:12)
    at Function.executeUserEntryPoint [as runMain] (internal/modules/run_main.js:76:12)
    at internal/main/run_main_module.js:17:47
error: 08-30-2022 18:33:45: 	unhandledRejection: connect ECONNREFUSED 127.0.0.1:27017
MongooseServerSelectionError: connect ECONNREFUSED 127.0.0.1:27017
    at NativeConnection.Connection.openUri (/Users/ozanguner/Web Projects/vidly-back-end/node_modules/mongoose/lib/connection.js:807:32)
    at /Users/ozanguner/Web Projects/vidly-back-end/node_modules/mongoose/lib/index.js:342:10
    at /Users/ozanguner/Web Projects/vidly-back-end/node_modules/mongoose/lib/helpers/promiseOrCallback.js:32:5
    at new Promise (<anonymous>)
    at promiseOrCallback (/Users/ozanguner/Web Projects/vidly-back-end/node_modules/mongoose/lib/helpers/promiseOrCallback.js:31:10)
    at Mongoose._promiseOrCallback (/Users/ozanguner/Web Projects/vidly-back-end/node_modules/mongoose/lib/index.js:1181:10)
    at Mongoose.connect (/Users/ozanguner/Web Projects/vidly-back-end/node_modules/mongoose/lib/index.js:341:20)
    at module.exports (/Users/ozanguner/Web Projects/vidly-back-end/startup/db.js:9:12)
    at Object.<anonymous> (/Users/ozanguner/Web Projects/vidly-back-end/server.js:9:24)
    at Module._compile (internal/modules/cjs/loader.js:1072:14)
error: 08-30-2022 19:46:02: 	Cast to ObjectId failed for value "undefined" (type string) at path "_id" for model "Movie" Cast to ObjectId failed for value "undefined" (type string) at path "_id" for model "Movie"
error: 09-01-2022 23:02:45: 	Cast to ObjectId failed for value "movieId" (type string) at path "_id" for model "Movie" Cast to ObjectId failed for value "movieId" (type string) at path "_id" for model "Movie"
error: 09-04-2022 22:45:49: 	uncaughtException: listen EADDRINUSE: address already in use :::3900
Error: listen EADDRINUSE: address already in use :::3900
    at Server.setupListenHandle [as _listen2] (net.js:1320:16)
    at listenInCluster (net.js:1368:12)
    at Server.listen (net.js:1454:7)
    at Function.listen (/Users/ozanguner/Web Projects/vidly-back-end/node_modules/express/lib/application.js:635:24)
    at Object.<anonymous> (/Users/ozanguner/Web Projects/vidly-back-end/server.js:14:20)
    at Module._compile (internal/modules/cjs/loader.js:1072:14)
    at Object.Module._extensions..js (internal/modules/cjs/loader.js:1101:10)
    at Module.load (internal/modules/cjs/loader.js:937:32)
    at Function.Module._load (internal/modules/cjs/loader.js:778:12)
    at Function.executeUserEntryPoint [as runMain] (internal/modules/run_main.js:76:12)
error: 09-04-2022 22:49:28: 	uncaughtException: listen EADDRINUSE: address already in use :::3900
Error: listen EADDRINUSE: address already in use :::3900
    at Server.setupListenHandle [as _listen2] (net.js:1320:16)
    at listenInCluster (net.js:1368:12)
    at Server.listen (net.js:1454:7)
    at Function.listen (/Users/ozanguner/Web Projects/vidly-back-end/node_modules/express/lib/application.js:635:24)
    at Object.<anonymous> (/Users/ozanguner/Web Projects/vidly-back-end/server.js:14:20)
    at Module._compile (internal/modules/cjs/loader.js:1072:14)
    at Object.Module._extensions..js (internal/modules/cjs/loader.js:1101:10)
    at Module.load (internal/modules/cjs/loader.js:937:32)
    at Function.Module._load (internal/modules/cjs/loader.js:778:12)
    at Function.executeUserEntryPoint [as runMain] (internal/modules/run_main.js:76:12)
error: 09-08-2022 21:52:36: 	Cast to ObjectId failed for value "undefined" (type string) at path "_id" for model "Movie" Cast to ObjectId failed for value "undefined" (type string) at path "_id" for model "Movie"
error: 09-08-2022 22:08:49: 	Cast to ObjectId failed for value "undefined" (type string) at path "_id" for model "Movie" Cast to ObjectId failed for value "undefined" (type string) at path "_id" for model "Movie"
error: 09-08-2022 22:08:53: 	Cast to ObjectId failed for value "undefined" (type string) at path "_id" for model "Movie" Cast to ObjectId failed for value "undefined" (type string) at path "_id" for model "Movie"
error: 09-08-2022 22:11:42: 	Cast to ObjectId failed for value "undefined" (type string) at path "_id" for model "Movie" Cast to ObjectId failed for value "undefined" (type string) at path "_id" for model "Movie"
error: 09-27-2022 13:01:29: 	secretOrPrivateKey must have a value secretOrPrivateKey must have a value
error: 09-28-2022 12:38:08: 	secretOrPrivateKey must have a value secretOrPrivateKey must have a value
error: 09-28-2022 12:38:26: 	secretOrPrivateKey must have a value secretOrPrivateKey must have a value
error: 09-28-2022 12:45:14: 	secretOrPrivateKey must have a value secretOrPrivateKey must have a value
